app/build/outputs/logs/manifest-merger-debug-report.txt
-- Merging decision tree log ---
manifest
ADDED from src/main/AndroidManifest.xml:2:1-26:12
	package
		ADDED from src/main/AndroidManifest.xml:3:7-60
		INJECTED from src/main/AndroidManifest.xml
		INJECTED from src/main/AndroidManifest.xml
	android:versionName
		ADDED from src/main/AndroidManifest.xml:5:7-32
		INJECTED from src/main/AndroidManifest.xml
		INJECTED from src/main/AndroidManifest.xml
	android:versionCode
		ADDED from src/main/AndroidManifest.xml:4:7-30
		INJECTED from src/main/AndroidManifest.xml
		INJECTED from src/main/AndroidManifest.xml
	xmlns:android
		ADDED from src/main/AndroidManifest.xml:2:11-69
application
ADDED from src/main/AndroidManifest.xml:6:5-17:19
	android:label
		ADDED from src/main/AndroidManifest.xml:6:19-51
activity#jp.co.brilliantservice.android.LogcatViewer.LogcatViewerActivity
ADDED from src/main/AndroidManifest.xml:7:9-13:20
	android:label
		ADDED from src/main/AndroidManifest.xml:8:19-51
	android:name
		ADDED from src/main/AndroidManifest.xml:7:19-55
intent-filter#android.intent.action.MAIN+android.intent.category.LAUNCHER
ADDED from src/main/AndroidManifest.xml:9:13-12:29
action#android.intent.action.MAIN
ADDED from src/main/AndroidManifest.xml:10:17-69
	android:name
		ADDED from src/main/AndroidManifest.xml:10:25-66
category#android.intent.category.LAUNCHER
ADDED from src/main/AndroidManifest.xml:11:17-77
	android:name
		ADDED from src/main/AndroidManifest.xml:11:27-74
service#jp.co.brilliantservice.android.LogcatViewer.LogcatViewerService
ADDED from src/main/AndroidManifest.xml:14:9-15:11
	android:name
		ADDED from src/main/AndroidManifest.xml:14:18-53
uses-permission#android.permission.READ_LOGS
ADDED from src/main/AndroidManifest.xml:18:5-68
	android:name
		ADDED from src/main/AndroidManifest.xml:18:22-65
uses-permission#android.permission.WRITE_EXTERNAL_STORAGE
ADDED from src/main/AndroidManifest.xml:19:5-81
	android:name
		ADDED from src/main/AndroidManifest.xml:19:22-78
uses-sdk
ADDED from src/main/AndroidManifest.xml:20:5-42
	android:targetSdkVersion
		INJECTED from src/main/AndroidManifest.xml
		INJECTED from src/main/AndroidManifest.xml
	android:minSdkVersion
		ADDED from src/main/AndroidManifest.xml:20:15-40
		INJECTED from src/main/AndroidManifest.xml
		INJECTED from src/main/AndroidManifest.xml
supports-screens
ADDED from src/main/AndroidManifest.xml:21:5-24:50
	android:largeScreens
		ADDED from src/main/AndroidManifest.xml:23:23-50
	android:smallScreens
		ADDED from src/main/AndroidManifest.xml:21:23-50
	android:normalScreens
		ADDED from src/main/AndroidManifest.xml:22:23-51
	android:anyDensity
		ADDED from src/main/AndroidManifest.xml:24:23-48